<?xml version="1.0" encoding="utf-8"?><testsuites name="pytest tests"><testsuite name="pytest" errors="0" failures="1" skipped="0" tests="10" time="1.921" timestamp="2026-07-07T16:32:29.138063+00:00" hostname="agent-env-44026ff8-9a41-4b28-aca2-d6183041ea8e"><testcase classname="backend.tests.test_samson_compliance" name="test_ad_reward_returns_410_when_disabled" time="0.487" /><testcase classname="backend.tests.test_samson_compliance" name="test_ad_reward_410_body_contains_admob_and_policy" time="0.113" /><testcase classname="backend.tests.test_samson_compliance" name="test_ad_reward_unauthenticated_returns_401_not_410" time="0.110" /><testcase classname="backend.tests.test_samson_compliance" name="test_ad_reward_does_not_credit_earnings" time="0.378" /><testcase classname="backend.tests.test_samson_compliance" name="test_ad_reward_does_not_insert_into_ad_rewards_collection" time="0.324" /><testcase classname="backend.tests.test_samson_compliance" name="test_regression_dashboard_returns_200" time="0.114" /><testcase classname="backend.tests.test_samson_compliance" name="test_regression_tasks_list_and_complete" time="0.107" /><testcase classname="backend.tests.test_samson_compliance" name="test_regression_withdrawal_request_endpoint_reachable" time="0.115" /><testcase classname="backend.tests.test_samson_compliance" name="test_regression_beta_bug_reports_endpoint" time="0.111" /><testcase classname="backend.tests.test_samson_compliance" name="test_startup_log_emits_samson_compliance_line" time="0.001"><failure message="AssertionError: '[SAMSON compliance] REWARDED_ADS_ENABLED=...' not found in backend logs&#10;assert False">E   AssertionError: '[SAMSON compliance] REWARDED_ADS_ENABLED=...' not found in backend logs
    assert False</failure></testcase></testsuite></testsuites>