<?xml version="1.0" encoding="utf-8"?><testsuites name="pytest tests"><testsuite name="pytest" errors="0" failures="0" skipped="0" tests="14" time="4.090" timestamp="2026-07-06T15:31:01.556396+00:00" hostname="agent-env-44026ff8-9a41-4b28-aca2-d6183041ea8e"><testcase classname="backend.tests.test_beta_tester_activity.TestActivityPost" name="test_valid_returns_200_and_structure" time="0.239" /><testcase classname="backend.tests.test_beta_tester_activity.TestActivityPost" name="test_all_six_items_flag_true" time="0.702" /><testcase classname="backend.tests.test_beta_tester_activity.TestActivityPost" name="test_idempotent_duplicate_no_change" time="0.237" /><testcase classname="backend.tests.test_beta_tester_activity.TestActivityPost" name="test_invalid_item_id" time="0.110" /><testcase classname="backend.tests.test_beta_tester_activity.TestActivityPost" name="test_invalid_email" time="0.108" /><testcase classname="backend.tests.test_beta_tester_activity.TestActivityPost" name="test_valid_date_override" time="0.128" /><testcase classname="backend.tests.test_beta_tester_activity.TestActivityPost" name="test_malformed_date_short_month" time="0.111" /><testcase classname="backend.tests.test_beta_tester_activity.TestActivityPost" name="test_malformed_date_gibberish" time="0.211" /><testcase classname="backend.tests.test_beta_tester_activity.TestActivityMe" name="test_me_returns_14_day_window" time="0.431" /><testcase classname="backend.tests.test_beta_tester_activity.TestQualifiedTesters" name="test_no_auth_401" time="0.099" /><testcase classname="backend.tests.test_beta_tester_activity.TestQualifiedTesters" name="test_with_admin_jwt" time="0.513" /><testcase classname="backend.tests.test_beta_tester_activity.TestQualifiedTesters" name="test_min_full_days_1_promotes_full_day_tester" time="0.834" /><testcase classname="backend.tests.test_beta_tester_activity.TestQualifiedTesters" name="test_min_full_days_impossible" time="0.102" /><testcase classname="backend.tests.test_beta_tester_activity.TestQualifiedTesters" name="test_key_param_without_env_key_401" time="0.107" /></testsuite></testsuites>