<?xml version="1.0" encoding="utf-8"?><testsuites name="pytest tests"><testsuite name="pytest" errors="0" failures="0" skipped="0" tests="9" time="2.963" timestamp="2026-07-03T16:59:48.711630+00:00" hostname="agent-env-44026ff8-9a41-4b28-aca2-d6183041ea8e"><testcase classname="backend.tests.test_beta_tasks_render.TestRenderBetaEndpoints" name="test_1_get_beta_tasks_unauth_401" time="0.153" /><testcase classname="backend.tests.test_beta_tasks_render.TestRenderBetaEndpoints" name="test_2_post_seed_unauth_401" time="0.104" /><testcase classname="backend.tests.test_beta_tasks_render.TestRenderBetaEndpoints" name="test_3_admin_login" time="0.524" /><testcase classname="backend.tests.test_beta_tasks_render.TestRenderBetaEndpoints" name="test_4_admin_list_beta_tasks" time="0.151" /><testcase classname="backend.tests.test_beta_tasks_render.TestRenderBetaEndpoints" name="test_5_seed_idempotent" time="0.119" /><testcase classname="backend.tests.test_beta_tasks_render.TestRenderBetaEndpoints" name="test_6_non_admin_forbidden" time="0.808" /><testcase classname="backend.tests.test_beta_tasks_render.TestRenderBetaEndpoints" name="test_7_seed_replace_true" time="0.139" /><testcase classname="backend.tests.test_beta_tasks_render.TestRenderBetaEndpoints" name="test_8_tasks_endpoint_shows_beta_tasks" time="0.105" /><testcase classname="backend.tests.test_beta_tasks_render.TestRenderBetaEndpoints" name="test_9_no_regression_health_and_login" time="0.676" /></testsuite></testsuites>