<?xml version="1.0" encoding="utf-8"?><testsuites name="pytest tests"><testsuite name="pytest" errors="0" failures="0" skipped="0" tests="13" time="2.230" timestamp="2026-07-06T15:23:36.524663+00:00" hostname="agent-env-44026ff8-9a41-4b28-aca2-d6183041ea8e"><testcase classname="backend.tests.test_beta.TestBetaBugReports" name="test_bug_create_valid" time="0.264" /><testcase classname="backend.tests.test_beta.TestBetaBugReports" name="test_bug_missing_field" time="0.153" /><testcase classname="backend.tests.test_beta.TestBetaBugReports" name="test_bug_invalid_email" time="0.107" /><testcase classname="backend.tests.test_beta.TestBetaBugReports" name="test_bug_invalid_severity" time="0.106" /><testcase classname="backend.tests.test_beta.TestBetaSuggestions" name="test_suggestion_create_valid" time="0.105" /><testcase classname="backend.tests.test_beta.TestBetaSuggestions" name="test_suggestion_missing_field" time="0.153" /><testcase classname="backend.tests.test_beta.TestBetaAdmin" name="test_counts_no_auth" time="0.115" /><testcase classname="backend.tests.test_beta.TestBetaAdmin" name="test_counts_admin" time="0.447" /><testcase classname="backend.tests.test_beta.TestBetaAdmin" name="test_export_csv_no_auth" time="0.113" /><testcase classname="backend.tests.test_beta.TestBetaAdmin" name="test_export_csv_admin_all" time="0.155" /><testcase classname="backend.tests.test_beta.TestBetaAdmin" name="test_export_csv_bugs_only" time="0.100" /><testcase classname="backend.tests.test_beta.TestBetaAdmin" name="test_export_csv_suggestions_only" time="0.106" /><testcase classname="backend.tests.test_beta" name="test_beta_page_reachable" time="0.105" /></testsuite></testsuites>