<?xml version="1.0" encoding="utf-8"?><testsuites name="pytest tests"><testsuite name="pytest" errors="0" failures="0" skipped="0" tests="13" time="7.228" timestamp="2026-07-17T17:27:36.923177+00:00" hostname="agent-env-44026ff8-9a41-4b28-aca2-d6183041ea8e"><testcase classname="backend.tests.test_auth_signup_fix" name="test_register_happy_path" time="0.575" /><testcase classname="backend.tests.test_auth_signup_fix" name="test_register_duplicate_returns_400_exact_detail" time="0.388" /><testcase classname="backend.tests.test_auth_signup_fix" name="test_register_padded_whitespace_trimmed" time="0.315" /><testcase classname="backend.tests.test_auth_signup_fix" name="test_register_duplicate_case_whitespace_variant_blocked" time="0.385" /><testcase classname="backend.tests.test_auth_signup_fix" name="test_register_bad_referral_code_still_succeeds" time="0.302" /><testcase classname="backend.tests.test_auth_signup_fix" name="test_register_empty_referral_code_succeeds" time="0.308" /><testcase classname="backend.tests.test_auth_signup_fix" name="test_register_invalid_email_returns_422" time="0.081" /><testcase classname="backend.tests.test_auth_signup_fix" name="test_register_missing_password_returns_422" time="0.067" /><testcase classname="backend.tests.test_auth_signup_fix" name="test_register_short_password_behavior" time="0.290" /><testcase classname="backend.tests.test_auth_signup_fix" name="test_login_after_register" time="0.586" /><testcase classname="backend.tests.test_auth_signup_fix" name="test_ad_reward_still_410" time="0.413" /><testcase classname="backend.tests.test_auth_signup_fix" name="test_beta_bug_report_201" time="0.134" /><testcase classname="backend.tests.test_auth_signup_fix" name="test_backend_logs_contain_register_reason_and_no_password" time="3.296" /></testsuite></testsuites>