<?xml version="1.0" encoding="utf-8"?><testsuites name="pytest tests"><testsuite name="pytest" errors="0" failures="0" skipped="0" tests="26" time="8.841" timestamp="2026-04-23T21:20:08.536041+00:00" hostname="agent-env-44026ff8-9a41-4b28-aca2-d6183041ea8e"><testcase classname="backend.tests.test_vara_api.TestAuth" name="test_login_returns_tokens_in_body" time="0.396" /><testcase classname="backend.tests.test_vara_api.TestAuth" name="test_register_without_referral" time="0.453" /><testcase classname="backend.tests.test_vara_api.TestAuth" name="test_register_with_valid_referral" time="0.406" /><testcase classname="backend.tests.test_vara_api.TestAuth" name="test_register_with_invalid_referral_silently_accepted" time="0.344" /><testcase classname="backend.tests.test_vara_api.TestAuth" name="test_refresh_token_body" time="0.475" /><testcase classname="backend.tests.test_vara_api.TestBonusEconomics" name="test_tasks_1_to_4_no_bonus" time="0.596" /><testcase classname="backend.tests.test_vara_api.TestBonusEconomics" name="test_task_5_awards_bonus" time="0.051" /><testcase classname="backend.tests.test_vara_api.TestBonusEconomics" name="test_tasks_6_to_14_no_bonus" time="0.455" /><testcase classname="backend.tests.test_vara_api.TestBonusEconomics" name="test_task_15_awards_second_bonus" time="0.094" /><testcase classname="backend.tests.test_vara_api.TestReferrals" name="test_referral_payout_basic" time="1.055" /><testcase classname="backend.tests.test_vara_api.TestReferrals" name="test_referral_includes_bonus" time="1.284" /><testcase classname="backend.tests.test_vara_api.TestReferrals" name="test_referral_cap_enforced" time="1.622" /><testcase classname="backend.tests.test_vara_api.TestReferrals" name="test_get_referrals_me" time="0.062" /><testcase classname="backend.tests.test_vara_api.TestReferrals" name="test_validate_referral_code_valid" time="0.101" /><testcase classname="backend.tests.test_vara_api.TestReferrals" name="test_validate_referral_code_invalid" time="0.107" /><testcase classname="backend.tests.test_vara_api.TestReferrals" name="test_validate_referral_code_case_insensitive" time="0.151" /><testcase classname="backend.tests.test_vara_api.TestPublicStats" name="test_total_paid_out_no_auth" time="0.113" /><testcase classname="backend.tests.test_vara_api.TestPublicStats" name="test_recent_withdrawals_no_auth" time="0.117" /><testcase classname="backend.tests.test_vara_api.TestReferralLeaderboard" name="test_leaderboard_requires_auth" time="0.105" /><testcase classname="backend.tests.test_vara_api.TestReferralLeaderboard" name="test_leaderboard_month_period_shape" time="0.054" /><testcase classname="backend.tests.test_vara_api.TestReferralLeaderboard" name="test_leaderboard_all_period_shape" time="0.056" /><testcase classname="backend.tests.test_vara_api.TestReferralLeaderboard" name="test_leaderboard_admin_is_you_flag" time="0.053" /><testcase classname="backend.tests.test_vara_api.TestReferralLeaderboard" name="test_leaderboard_all_period_has_more_or_equal_earnings" time="0.117" /><testcase classname="backend.tests.test_vara_api.TestReferralLeaderboard" name="test_leaderboard_limit_param" time="0.059" /><testcase classname="backend.tests.test_vara_api.TestReferralLeaderboard" name="test_leaderboard_limit_capped_at_50" time="0.065" /><testcase classname="backend.tests.test_vara_api.TestReferralLeaderboard" name="test_leaderboard_you_for_non_top_user" time="0.378" /></testsuite></testsuites>